[debug] ----------------------------------------------------------------------
[debug] Command:      /usr/local/Cellar/node/5.5.0/bin/node /usr/local/bin/firebase serve
[debug] CLI Version:  3.0.2
[debug] Platform:     darwin
[debug] Node Version: v5.5.0
[debug] Time:         Thu Jun 02 2016 18:37:36 GMT-0600 (MDT)
[debug] ----------------------------------------------------------------------
[debug] 
[warn] ⚠  "firebase" key in firebase.json is deprecated. Run firebase use --add instead
[warn] ⚠  Deprecation Warning: Firebase Hosting configuration should be moved under "hosting" key.
[info] Starting Firebase development server...
[info] 
[info] Project Directory: /Users/lincolndennis/workspace/movie-search-redux
[info] Public Directory: public
[info] 
[info] Server listening at: http://localhost:5000
[debug] ----------------------------------------------------------------------
[debug] Command:      /usr/local/Cellar/node/5.5.0/bin/node /usr/local/bin/firebase serve
[debug] CLI Version:  3.0.2
[debug] Platform:     darwin
[debug] Node Version: v5.5.0
[debug] Time:         Thu Jun 02 2016 18:53:53 GMT-0600 (MDT)
[debug] ----------------------------------------------------------------------
[debug] 
[warn] ⚠  "firebase" key in firebase.json is deprecated. Run firebase use --add instead
[warn] ⚠  Deprecation Warning: Firebase Hosting configuration should be moved under "hosting" key.
[info] Starting Firebase development server...
[info] 
[info] Project Directory: /Users/lincolndennis/workspace/movie-search-redux
[info] Public Directory: /
[info] 
[info] Server listening at: http://localhost:5000
